2022-05-05 09:41:46,245 [3      ] DEBUG  Client                         | (null) | Request [GET] to url 'http://localhost:8081/api/project/GetAll'
2022-05-05 09:41:46,306 [3      ] DEBUG  {PIMToolClient                 | (null) | Request: Method: GET, RequestUri: 'http://localhost:8081/api/project/GetAll', Version: 1.1, Content: <null>, Headers:
{
  Accept: application/json
}
2022-05-05 09:41:48,356 [11     ] DEBUG  {PIMToolClient                 | (null) | Response: StatusCode: 200, ReasonPhrase: 'OK', Version: 1.1, Content: System.Net.Http.StreamContent, Headers:
{
  Pragma: no-cache
  Cache-Control: no-cache
  Date: Thu, 05 May 2022 02:41:48 GMT
  Server: Microsoft-IIS/10.0
  X-AspNet-Version: 4.0.30319
  X-Powered-By: ASP.NET
  Content-Length: 946
  Content-Type: application/json; charset=utf-8
  Expires: -1
}
2022-05-05 09:41:48,364 [11     ] DEBUG  {PIMToolClient                 | (null) | Response-Content: [{"$id":"1","Name":"sdsa","StartDate":"2022-05-12T00:00:00","FinishDate":null,"Status":"NEW","Members":[],"Customer":"dsad","ProjectNumber":1114,"IsChecked":false,"IsShowButton":true,"ProjectEmployees":[{"$id":"2","Project":{"$ref":"1"},"Employee":{"$id":"3","Visa":"NGUI","FirstName":"Nguyen","LastName":"Tien","BirthDate":"2000-10-06T00:00:00","ProjectEmployee":[{"$ref":"2"}],"Id":74,"RowVersion":1},"Id":422,"RowVersion":0},{"$id":"4","Project":{"$ref":"1"},"Employee":{"$id":"5","Visa":"NHLA","FirstName":"Nguyen","LastName":"Anh","BirthDate":"2002-12-05T00:00:00","ProjectEmployee":[{"$ref":"4"}],"Id":78,"RowVersion":1},"Id":423,"RowVersion":0}],"Group":{"$id":"6","Name":"HNCD","Employee":{"$id":"7","Visa":"TANP","FirstName":"Tang","LastName":"Phu","BirthDate":"2000-12-04T00:00:00","ProjectEmployee":[],"Id":75,"RowVersion":1},"Projects":[{"$ref":"1"}],"GroupNameId":"ID: 79 Name: HNCD","Id":79,"RowVersion":1},"Id":250,"RowVersion":2}]
2022-05-05 09:41:54,732 [3      ] DEBUG  Client                         | (null) | Request [GET] to url 'http://localhost:8081/api/group/GetAll'
2022-05-05 09:41:54,733 [3      ] DEBUG  {PIMToolClient                 | (null) | Request: Method: GET, RequestUri: 'http://localhost:8081/api/group/GetAll', Version: 1.1, Content: <null>, Headers:
{
  Accept: application/json
}
2022-05-05 09:41:54,759 [9      ] DEBUG  {PIMToolClient                 | (null) | Response: StatusCode: 200, ReasonPhrase: 'OK', Version: 1.1, Content: System.Net.Http.StreamContent, Headers:
{
  Pragma: no-cache
  Cache-Control: no-cache
  Date: Thu, 05 May 2022 02:41:54 GMT
  Server: Microsoft-IIS/10.0
  X-AspNet-Version: 4.0.30319
  X-Powered-By: ASP.NET
  Content-Length: 2636
  Content-Type: application/json; charset=utf-8
  Expires: -1
}
2022-05-05 09:41:54,760 [9      ] DEBUG  {PIMToolClient                 | (null) | Response-Content: [{"$id":"1","Name":"KSTA","Employee":{"$id":"2","Visa":"NGUI","FirstName":"Nguyen","LastName":"Tien","BirthDate":"2000-10-06T00:00:00","ProjectEmployee":[{"$id":"3","Project":{"$id":"4","Name":"sdsa","StartDate":"2022-05-12T00:00:00","FinishDate":null,"Status":"NEW","Members":[],"Customer":"dsad","ProjectNumber":1114,"IsChecked":false,"IsShowButton":true,"ProjectEmployees":[{"$ref":"3"},{"$id":"5","Project":{"$ref":"4"},"Employee":{"$id":"6","Visa":"NHLA","FirstName":"Nguyen","LastName":"Anh","BirthDate":"2002-12-05T00:00:00","ProjectEmployee":[{"$ref":"5"}],"Id":78,"RowVersion":1},"Id":423,"RowVersion":0}],"Group":{"$id":"7","Name":"HNCD","Employee":{"$id":"8","Visa":"TANP","FirstName":"Tang","LastName":"Phu","BirthDate":"2000-12-04T00:00:00","ProjectEmployee":[],"Id":75,"RowVersion":1},"Projects":[{"$ref":"4"}],"GroupNameId":"ID: 79 Name: HNCD","Id":79,"RowVersion":1},"Id":250,"RowVersion":2},"Employee":{"$ref":"2"},"Id":422,"RowVersion":0}],"Id":74,"RowVersion":1},"Projects":[],"GroupNameId":"ID: 77 Name: KSTA","Id":77,"RowVersion":1},{"$id":"9","Name":"HNCD","Employee":{"$id":"10","Visa":"TANP","FirstName":"Tang","LastName":"Phu","BirthDate":"2000-12-04T00:00:00","ProjectEmployee":[],"Id":75,"RowVersion":1},"Projects":[{"$id":"11","Name":"sdsa","StartDate":"2022-05-12T00:00:00","FinishDate":null,"Status":"NEW","Members":[],"Customer":"dsad","ProjectNumber":1114,"IsChecked":false,"IsShowButton":true,"ProjectEmployees":[{"$id":"12","Project":{"$ref":"11"},"Employee":{"$id":"13","Visa":"NGUI","FirstName":"Nguyen","LastName":"Tien","BirthDate":"2000-10-06T00:00:00","ProjectEmployee":[{"$ref":"12"}],"Id":74,"RowVersion":1},"Id":422,"RowVersion":0},{"$id":"14","Project":{"$ref":"11"},"Employee":{"$id":"15","Visa":"NHLA","FirstName":"Nguyen","LastName":"Anh","BirthDate":"2002-12-05T00:00:00","ProjectEmployee":[{"$ref":"14"}],"Id":78,"RowVersion":1},"Id":423,"RowVersion":0}],"Group":{"$id":"16","Name":"HNCD","Employee":{"$id":"17","Visa":"TANP","FirstName":"Tang","LastName":"Phu","BirthDate":"2000-12-04T00:00:00","ProjectEmployee":[],"Id":75,"RowVersion":1},"Projects":[{"$ref":"11"}],"GroupNameId":"ID: 79 Name: HNCD","Id":79,"RowVersion":1},"Id":250,"RowVersion":2}],"GroupNameId":"ID: 79 Name: HNCD","Id":79,"RowVersion":1},{"$id":"18","Name":"KCSN","Employee":{"$ref":"15"},"Projects":[],"GroupNameId":"ID: 80 Name: KCSN","Id":80,"RowVersion":1},{"$id":"19","Name":"KOAZ","Employee":{"$id":"20","Visa":"NHTH","FirstName":"Nguyen","LastName":"Thang","BirthDate":"2000-05-11T00:00:00","ProjectEmployee":[],"Id":79,"RowVersion":1},"Projects":[],"GroupNameId":"ID: 81 Name: KOAZ","Id":81,"RowVersion":1}]
2022-05-05 09:41:54,762 [4      ] DEBUG  Client                         | (null) | Request [GET] to url 'http://localhost:8081/api/project/GetAll'
2022-05-05 09:41:54,763 [4      ] DEBUG  {PIMToolClient                 | (null) | Request: Method: GET, RequestUri: 'http://localhost:8081/api/project/GetAll', Version: 1.1, Content: <null>, Headers:
{
  Accept: application/json
}
2022-05-05 09:41:54,768 [11     ] DEBUG  {PIMToolClient                 | (null) | Response: StatusCode: 200, ReasonPhrase: 'OK', Version: 1.1, Content: System.Net.Http.StreamContent, Headers:
{
  Pragma: no-cache
  Cache-Control: no-cache
  Date: Thu, 05 May 2022 02:41:54 GMT
  Server: Microsoft-IIS/10.0
  X-AspNet-Version: 4.0.30319
  X-Powered-By: ASP.NET
  Content-Length: 946
  Content-Type: application/json; charset=utf-8
  Expires: -1
}
2022-05-05 09:41:54,768 [11     ] DEBUG  {PIMToolClient                 | (null) | Response-Content: [{"$id":"1","Name":"sdsa","StartDate":"2022-05-12T00:00:00","FinishDate":null,"Status":"NEW","Members":[],"Customer":"dsad","ProjectNumber":1114,"IsChecked":false,"IsShowButton":true,"ProjectEmployees":[{"$id":"2","Project":{"$ref":"1"},"Employee":{"$id":"3","Visa":"NGUI","FirstName":"Nguyen","LastName":"Tien","BirthDate":"2000-10-06T00:00:00","ProjectEmployee":[{"$ref":"2"}],"Id":74,"RowVersion":1},"Id":422,"RowVersion":0},{"$id":"4","Project":{"$ref":"1"},"Employee":{"$id":"5","Visa":"NHLA","FirstName":"Nguyen","LastName":"Anh","BirthDate":"2002-12-05T00:00:00","ProjectEmployee":[{"$ref":"4"}],"Id":78,"RowVersion":1},"Id":423,"RowVersion":0}],"Group":{"$id":"6","Name":"HNCD","Employee":{"$id":"7","Visa":"TANP","FirstName":"Tang","LastName":"Phu","BirthDate":"2000-12-04T00:00:00","ProjectEmployee":[],"Id":75,"RowVersion":1},"Projects":[{"$ref":"1"}],"GroupNameId":"ID: 79 Name: HNCD","Id":79,"RowVersion":1},"Id":250,"RowVersion":2}]
2022-05-05 09:41:54,770 [8      ] DEBUG  Client                         | (null) | Request [GET] to url 'http://localhost:8081/api/employee/GetAll'
2022-05-05 09:41:54,770 [8      ] DEBUG  {PIMToolClient                 | (null) | Request: Method: GET, RequestUri: 'http://localhost:8081/api/employee/GetAll', Version: 1.1, Content: <null>, Headers:
{
  Accept: application/json
}
2022-05-05 09:41:54,786 [9      ] DEBUG  {PIMToolClient                 | (null) | Response: StatusCode: 200, ReasonPhrase: 'OK', Version: 1.1, Content: System.Net.Http.StreamContent, Headers:
{
  Pragma: no-cache
  Cache-Control: no-cache
  Date: Thu, 05 May 2022 02:41:54 GMT
  Server: Microsoft-IIS/10.0
  X-AspNet-Version: 4.0.30319
  X-Powered-By: ASP.NET
  Content-Length: 1116
  Content-Type: application/json; charset=utf-8
  Expires: -1
}
2022-05-05 09:41:54,787 [9      ] DEBUG  {PIMToolClient                 | (null) | Response-Content: [{"$id":"1","Visa":"NGUI","FirstName":"Nguyen","LastName":"Tien","BirthDate":"2000-10-06T00:00:00","ProjectEmployee":[{"$id":"2","Project":{"$id":"3","Name":"sdsa","StartDate":"2022-05-12T00:00:00","FinishDate":null,"Status":"NEW","Members":[],"Customer":"dsad","ProjectNumber":1114,"IsChecked":false,"IsShowButton":true,"ProjectEmployees":[{"$ref":"2"},{"$id":"4","Project":{"$ref":"3"},"Employee":{"$id":"5","Visa":"NHLA","FirstName":"Nguyen","LastName":"Anh","BirthDate":"2002-12-05T00:00:00","ProjectEmployee":[{"$ref":"4"}],"Id":78,"RowVersion":1},"Id":423,"RowVersion":0}],"Group":{"$id":"6","Name":"HNCD","Employee":{"$id":"7","Visa":"TANP","FirstName":"Tang","LastName":"Phu","BirthDate":"2000-12-04T00:00:00","ProjectEmployee":[],"Id":75,"RowVersion":1},"Projects":[{"$ref":"3"}],"GroupNameId":"ID: 79 Name: HNCD","Id":79,"RowVersion":1},"Id":250,"RowVersion":2},"Employee":{"$ref":"1"},"Id":422,"RowVersion":0}],"Id":74,"RowVersion":1},{"$ref":"7"},{"$ref":"5"},{"$id":"8","Visa":"NHTH","FirstName":"Nguyen","LastName":"Thang","BirthDate":"2000-05-11T00:00:00","ProjectEmployee":[],"Id":79,"RowVersion":1}]
2022-05-05 09:41:56,308 [3      ] DEBUG  Client                         | (null) | Request [GET] to url 'http://localhost:8081/api/project/GetAll'
2022-05-05 09:41:56,309 [3      ] DEBUG  {PIMToolClient                 | (null) | Request: Method: GET, RequestUri: 'http://localhost:8081/api/project/GetAll', Version: 1.1, Content: <null>, Headers:
{
  Accept: application/json
}
2022-05-05 09:41:56,314 [11     ] DEBUG  {PIMToolClient                 | (null) | Response: StatusCode: 200, ReasonPhrase: 'OK', Version: 1.1, Content: System.Net.Http.StreamContent, Headers:
{
  Pragma: no-cache
  Cache-Control: no-cache
  Date: Thu, 05 May 2022 02:41:56 GMT
  Server: Microsoft-IIS/10.0
  X-AspNet-Version: 4.0.30319
  X-Powered-By: ASP.NET
  Content-Length: 946
  Content-Type: application/json; charset=utf-8
  Expires: -1
}
2022-05-05 09:41:56,315 [11     ] DEBUG  {PIMToolClient                 | (null) | Response-Content: [{"$id":"1","Name":"sdsa","StartDate":"2022-05-12T00:00:00","FinishDate":null,"Status":"NEW","Members":[],"Customer":"dsad","ProjectNumber":1114,"IsChecked":false,"IsShowButton":true,"ProjectEmployees":[{"$id":"2","Project":{"$ref":"1"},"Employee":{"$id":"3","Visa":"NGUI","FirstName":"Nguyen","LastName":"Tien","BirthDate":"2000-10-06T00:00:00","ProjectEmployee":[{"$ref":"2"}],"Id":74,"RowVersion":1},"Id":422,"RowVersion":0},{"$id":"4","Project":{"$ref":"1"},"Employee":{"$id":"5","Visa":"NHLA","FirstName":"Nguyen","LastName":"Anh","BirthDate":"2002-12-05T00:00:00","ProjectEmployee":[{"$ref":"4"}],"Id":78,"RowVersion":1},"Id":423,"RowVersion":0}],"Group":{"$id":"6","Name":"HNCD","Employee":{"$id":"7","Visa":"TANP","FirstName":"Tang","LastName":"Phu","BirthDate":"2000-12-04T00:00:00","ProjectEmployee":[],"Id":75,"RowVersion":1},"Projects":[{"$ref":"1"}],"GroupNameId":"ID: 79 Name: HNCD","Id":79,"RowVersion":1},"Id":250,"RowVersion":2}]
2022-05-05 09:43:11,890 [3      ] DEBUG  Client                         | (null) | Request [GET] to url 'http://localhost:8081/api/project/GetAll'
2022-05-05 09:43:11,992 [3      ] DEBUG  {PIMToolClient                 | (null) | Request: Method: GET, RequestUri: 'http://localhost:8081/api/project/GetAll', Version: 1.1, Content: <null>, Headers:
{
  Accept: application/json
}
2022-05-05 09:43:12,093 [11     ] DEBUG  {PIMToolClient                 | (null) | Response: StatusCode: 200, ReasonPhrase: 'OK', Version: 1.1, Content: System.Net.Http.StreamContent, Headers:
{
  Pragma: no-cache
  Cache-Control: no-cache
  Date: Thu, 05 May 2022 02:43:12 GMT
  Server: Microsoft-IIS/10.0
  X-AspNet-Version: 4.0.30319
  X-Powered-By: ASP.NET
  Content-Length: 946
  Content-Type: application/json; charset=utf-8
  Expires: -1
}
2022-05-05 09:43:12,109 [11     ] DEBUG  {PIMToolClient                 | (null) | Response-Content: [{"$id":"1","Name":"sdsa","StartDate":"2022-05-12T00:00:00","FinishDate":null,"Status":"NEW","Members":[],"Customer":"dsad","ProjectNumber":1114,"IsChecked":false,"IsShowButton":true,"ProjectEmployees":[{"$id":"2","Project":{"$ref":"1"},"Employee":{"$id":"3","Visa":"NGUI","FirstName":"Nguyen","LastName":"Tien","BirthDate":"2000-10-06T00:00:00","ProjectEmployee":[{"$ref":"2"}],"Id":74,"RowVersion":1},"Id":422,"RowVersion":0},{"$id":"4","Project":{"$ref":"1"},"Employee":{"$id":"5","Visa":"NHLA","FirstName":"Nguyen","LastName":"Anh","BirthDate":"2002-12-05T00:00:00","ProjectEmployee":[{"$ref":"4"}],"Id":78,"RowVersion":1},"Id":423,"RowVersion":0}],"Group":{"$id":"6","Name":"HNCD","Employee":{"$id":"7","Visa":"TANP","FirstName":"Tang","LastName":"Phu","BirthDate":"2000-12-04T00:00:00","ProjectEmployee":[],"Id":75,"RowVersion":1},"Projects":[{"$ref":"1"}],"GroupNameId":"ID: 79 Name: HNCD","Id":79,"RowVersion":1},"Id":250,"RowVersion":2}]
2022-05-05 09:43:14,437 [3      ] DEBUG  Client                         | (null) | Request [GET] to url 'http://localhost:8081/api/group/GetAll'
2022-05-05 09:43:14,438 [3      ] DEBUG  {PIMToolClient                 | (null) | Request: Method: GET, RequestUri: 'http://localhost:8081/api/group/GetAll', Version: 1.1, Content: <null>, Headers:
{
  Accept: application/json
}
2022-05-05 09:43:14,445 [11     ] DEBUG  {PIMToolClient                 | (null) | Response: StatusCode: 200, ReasonPhrase: 'OK', Version: 1.1, Content: System.Net.Http.StreamContent, Headers:
{
  Pragma: no-cache
  Cache-Control: no-cache
  Date: Thu, 05 May 2022 02:43:14 GMT
  Server: Microsoft-IIS/10.0
  X-AspNet-Version: 4.0.30319
  X-Powered-By: ASP.NET
  Content-Length: 2636
  Content-Type: application/json; charset=utf-8
  Expires: -1
}
2022-05-05 09:43:14,446 [11     ] DEBUG  {PIMToolClient                 | (null) | Response-Content: [{"$id":"1","Name":"KSTA","Employee":{"$id":"2","Visa":"NGUI","FirstName":"Nguyen","LastName":"Tien","BirthDate":"2000-10-06T00:00:00","ProjectEmployee":[{"$id":"3","Project":{"$id":"4","Name":"sdsa","StartDate":"2022-05-12T00:00:00","FinishDate":null,"Status":"NEW","Members":[],"Customer":"dsad","ProjectNumber":1114,"IsChecked":false,"IsShowButton":true,"ProjectEmployees":[{"$ref":"3"},{"$id":"5","Project":{"$ref":"4"},"Employee":{"$id":"6","Visa":"NHLA","FirstName":"Nguyen","LastName":"Anh","BirthDate":"2002-12-05T00:00:00","ProjectEmployee":[{"$ref":"5"}],"Id":78,"RowVersion":1},"Id":423,"RowVersion":0}],"Group":{"$id":"7","Name":"HNCD","Employee":{"$id":"8","Visa":"TANP","FirstName":"Tang","LastName":"Phu","BirthDate":"2000-12-04T00:00:00","ProjectEmployee":[],"Id":75,"RowVersion":1},"Projects":[{"$ref":"4"}],"GroupNameId":"ID: 79 Name: HNCD","Id":79,"RowVersion":1},"Id":250,"RowVersion":2},"Employee":{"$ref":"2"},"Id":422,"RowVersion":0}],"Id":74,"RowVersion":1},"Projects":[],"GroupNameId":"ID: 77 Name: KSTA","Id":77,"RowVersion":1},{"$id":"9","Name":"HNCD","Employee":{"$id":"10","Visa":"TANP","FirstName":"Tang","LastName":"Phu","BirthDate":"2000-12-04T00:00:00","ProjectEmployee":[],"Id":75,"RowVersion":1},"Projects":[{"$id":"11","Name":"sdsa","StartDate":"2022-05-12T00:00:00","FinishDate":null,"Status":"NEW","Members":[],"Customer":"dsad","ProjectNumber":1114,"IsChecked":false,"IsShowButton":true,"ProjectEmployees":[{"$id":"12","Project":{"$ref":"11"},"Employee":{"$id":"13","Visa":"NGUI","FirstName":"Nguyen","LastName":"Tien","BirthDate":"2000-10-06T00:00:00","ProjectEmployee":[{"$ref":"12"}],"Id":74,"RowVersion":1},"Id":422,"RowVersion":0},{"$id":"14","Project":{"$ref":"11"},"Employee":{"$id":"15","Visa":"NHLA","FirstName":"Nguyen","LastName":"Anh","BirthDate":"2002-12-05T00:00:00","ProjectEmployee":[{"$ref":"14"}],"Id":78,"RowVersion":1},"Id":423,"RowVersion":0}],"Group":{"$id":"16","Name":"HNCD","Employee":{"$id":"17","Visa":"TANP","FirstName":"Tang","LastName":"Phu","BirthDate":"2000-12-04T00:00:00","ProjectEmployee":[],"Id":75,"RowVersion":1},"Projects":[{"$ref":"11"}],"GroupNameId":"ID: 79 Name: HNCD","Id":79,"RowVersion":1},"Id":250,"RowVersion":2}],"GroupNameId":"ID: 79 Name: HNCD","Id":79,"RowVersion":1},{"$id":"18","Name":"KCSN","Employee":{"$ref":"15"},"Projects":[],"GroupNameId":"ID: 80 Name: KCSN","Id":80,"RowVersion":1},{"$id":"19","Name":"KOAZ","Employee":{"$id":"20","Visa":"NHTH","FirstName":"Nguyen","LastName":"Thang","BirthDate":"2000-05-11T00:00:00","ProjectEmployee":[],"Id":79,"RowVersion":1},"Projects":[],"GroupNameId":"ID: 81 Name: KOAZ","Id":81,"RowVersion":1}]
2022-05-05 09:43:14,449 [12     ] DEBUG  Client                         | (null) | Request [GET] to url 'http://localhost:8081/api/project/GetAll'
2022-05-05 09:43:14,450 [12     ] DEBUG  {PIMToolClient                 | (null) | Request: Method: GET, RequestUri: 'http://localhost:8081/api/project/GetAll', Version: 1.1, Content: <null>, Headers:
{
  Accept: application/json
}
2022-05-05 09:43:14,455 [10     ] DEBUG  {PIMToolClient                 | (null) | Response: StatusCode: 200, ReasonPhrase: 'OK', Version: 1.1, Content: System.Net.Http.StreamContent, Headers:
{
  Pragma: no-cache
  Cache-Control: no-cache
  Date: Thu, 05 May 2022 02:43:14 GMT
  Server: Microsoft-IIS/10.0
  X-AspNet-Version: 4.0.30319
  X-Powered-By: ASP.NET
  Content-Length: 946
  Content-Type: application/json; charset=utf-8
  Expires: -1
}
2022-05-05 09:43:14,456 [10     ] DEBUG  {PIMToolClient                 | (null) | Response-Content: [{"$id":"1","Name":"sdsa","StartDate":"2022-05-12T00:00:00","FinishDate":null,"Status":"NEW","Members":[],"Customer":"dsad","ProjectNumber":1114,"IsChecked":false,"IsShowButton":true,"ProjectEmployees":[{"$id":"2","Project":{"$ref":"1"},"Employee":{"$id":"3","Visa":"NGUI","FirstName":"Nguyen","LastName":"Tien","BirthDate":"2000-10-06T00:00:00","ProjectEmployee":[{"$ref":"2"}],"Id":74,"RowVersion":1},"Id":422,"RowVersion":0},{"$id":"4","Project":{"$ref":"1"},"Employee":{"$id":"5","Visa":"NHLA","FirstName":"Nguyen","LastName":"Anh","BirthDate":"2002-12-05T00:00:00","ProjectEmployee":[{"$ref":"4"}],"Id":78,"RowVersion":1},"Id":423,"RowVersion":0}],"Group":{"$id":"6","Name":"HNCD","Employee":{"$id":"7","Visa":"TANP","FirstName":"Tang","LastName":"Phu","BirthDate":"2000-12-04T00:00:00","ProjectEmployee":[],"Id":75,"RowVersion":1},"Projects":[{"$ref":"1"}],"GroupNameId":"ID: 79 Name: HNCD","Id":79,"RowVersion":1},"Id":250,"RowVersion":2}]
2022-05-05 09:43:14,457 [3      ] DEBUG  Client                         | (null) | Request [GET] to url 'http://localhost:8081/api/employee/GetAll'
2022-05-05 09:43:14,458 [3      ] DEBUG  {PIMToolClient                 | (null) | Request: Method: GET, RequestUri: 'http://localhost:8081/api/employee/GetAll', Version: 1.1, Content: <null>, Headers:
{
  Accept: application/json
}
2022-05-05 09:43:14,465 [11     ] DEBUG  {PIMToolClient                 | (null) | Response: StatusCode: 200, ReasonPhrase: 'OK', Version: 1.1, Content: System.Net.Http.StreamContent, Headers:
{
  Pragma: no-cache
  Cache-Control: no-cache
  Date: Thu, 05 May 2022 02:43:14 GMT
  Server: Microsoft-IIS/10.0
  X-AspNet-Version: 4.0.30319
  X-Powered-By: ASP.NET
  Content-Length: 1116
  Content-Type: application/json; charset=utf-8
  Expires: -1
}
2022-05-05 09:43:14,465 [11     ] DEBUG  {PIMToolClient                 | (null) | Response-Content: [{"$id":"1","Visa":"NGUI","FirstName":"Nguyen","LastName":"Tien","BirthDate":"2000-10-06T00:00:00","ProjectEmployee":[{"$id":"2","Project":{"$id":"3","Name":"sdsa","StartDate":"2022-05-12T00:00:00","FinishDate":null,"Status":"NEW","Members":[],"Customer":"dsad","ProjectNumber":1114,"IsChecked":false,"IsShowButton":true,"ProjectEmployees":[{"$ref":"2"},{"$id":"4","Project":{"$ref":"3"},"Employee":{"$id":"5","Visa":"NHLA","FirstName":"Nguyen","LastName":"Anh","BirthDate":"2002-12-05T00:00:00","ProjectEmployee":[{"$ref":"4"}],"Id":78,"RowVersion":1},"Id":423,"RowVersion":0}],"Group":{"$id":"6","Name":"HNCD","Employee":{"$id":"7","Visa":"TANP","FirstName":"Tang","LastName":"Phu","BirthDate":"2000-12-04T00:00:00","ProjectEmployee":[],"Id":75,"RowVersion":1},"Projects":[{"$ref":"3"}],"GroupNameId":"ID: 79 Name: HNCD","Id":79,"RowVersion":1},"Id":250,"RowVersion":2},"Employee":{"$ref":"1"},"Id":422,"RowVersion":0}],"Id":74,"RowVersion":1},{"$ref":"7"},{"$ref":"5"},{"$id":"8","Visa":"NHTH","FirstName":"Nguyen","LastName":"Thang","BirthDate":"2000-05-11T00:00:00","ProjectEmployee":[],"Id":79,"RowVersion":1}]
2022-05-05 09:43:23,326 [3      ] DEBUG  Client                         | (null) | Request [POST] to url 'http://localhost:8081/api/project/PostProject' with data 'PIMTool.Common.BusinessObjects.Project'
2022-05-05 09:43:23,331 [3      ] DEBUG  {PIMToolClient                 | (null) | Request: Method: POST, RequestUri: 'http://localhost:8081/api/project/PostProject', Version: 1.1, Content: System.Net.Http.StringContent, Headers:
{
  Accept: application/json
  Content-Type: application/json; charset=utf-8
}
2022-05-05 09:43:23,332 [3      ] DEBUG  {PIMToolClient                 | (null) | Request-Content: {"$id":"1","$type":"PIMTool.Common.BusinessObjects.Project, PIMTool.Common","Name":"dsad","StartDate":"2022-05-19T00:00:00","FinishDate":null,"Status":"NEW","Members":[""],"Customer":"sadsad","ProjectNumber":123,"IsChecked":false,"IsShowButton":true,"ProjectEmployees":[],"Group":{"$id":"2","$type":"PIMTool.Common.BusinessObjects.Group, PIMTool.Common","Name":"HNCD","Employee":{"$id":"3","$type":"PIMTool.Common.BusinessObjects.Employee, PIMTool.Common","Visa":"TANP","FirstName":"Tang","LastName":"Phu","BirthDate":"2000-12-04T00:00:00","ProjectEmployee":[],"Id":75,"RowVersion":1},"Projects":[{"$id":"4","$type":"PIMTool.Common.BusinessObjects.Project, PIMTool.Common","Name":"sdsa","StartDate":"2022-05-12T00:00:00","FinishDate":null,"Status":"NEW","Members":[],"Customer":"dsad","ProjectNumber":1114,"IsChecked":false,"IsShowButton":true,"ProjectEmployees":[{"$id":"5","$type":"PIMTool.Common.BusinessObjects.ProjectEmployee, PIMTool.Common","Project":{"$ref":"4"},"Employee":{"$id":"6","$type":"PIMTool.Common.BusinessObjects.Employee, PIMTool.Common","Visa":"NGUI","FirstName":"Nguyen","LastName":"Tien","BirthDate":"2000-10-06T00:00:00","ProjectEmployee":[{"$ref":"5"}],"Id":74,"RowVersion":1},"Id":422,"RowVersion":0},{"$id":"7","$type":"PIMTool.Common.BusinessObjects.ProjectEmployee, PIMTool.Common","Project":{"$ref":"4"},"Employee":{"$id":"8","$type":"PIMTool.Common.BusinessObjects.Employee, PIMTool.Common","Visa":"NHLA","FirstName":"Nguyen","LastName":"Anh","BirthDate":"2002-12-05T00:00:00","ProjectEmployee":[{"$ref":"7"}],"Id":78,"RowVersion":1},"Id":423,"RowVersion":0}],"Group":{"$id":"9","$type":"PIMTool.Common.BusinessObjects.Group, PIMTool.Common","Name":"HNCD","Employee":{"$id":"10","$type":"PIMTool.Common.BusinessObjects.Employee, PIMTool.Common","Visa":"TANP","FirstName":"Tang","LastName":"Phu","BirthDate":"2000-12-04T00:00:00","ProjectEmployee":[],"Id":75,"RowVersion":1},"Projects":[{"$ref":"4"}],"GroupNameId":"ID: 79 Name: HNCD","Id":79,"RowVersion":1},"Id":250,"RowVersion":2}],"GroupNameId":"ID: 79 Name: HNCD","Id":79,"RowVersion":1},"Id":0,"RowVersion":0}
2022-05-05 09:43:23,444 [11     ] DEBUG  {PIMToolClient                 | (null) | Response: StatusCode: 200, ReasonPhrase: 'OK', Version: 1.1, Content: System.Net.Http.StreamContent, Headers:
{
  Pragma: no-cache
  Cache-Control: no-cache
  Date: Thu, 05 May 2022 02:43:23 GMT
  Server: Microsoft-IIS/10.0
  X-AspNet-Version: 4.0.30319
  X-Powered-By: ASP.NET
  Content-Length: 1430
  Content-Type: application/json; charset=utf-8
  Expires: -1
}
2022-05-05 09:43:23,445 [11     ] DEBUG  {PIMToolClient                 | (null) | Response-Content: {"$id":"1","Name":"dsad","StartDate":"2022-05-19T00:00:00","FinishDate":null,"Status":"NEW","Members":[""],"Customer":"sadsad","ProjectNumber":123,"IsChecked":false,"IsShowButton":true,"ProjectEmployees":[],"Group":{"$id":"2","Name":"HNCD","Employee":{"$id":"3","Visa":"TANP","FirstName":"Tang","LastName":"Phu","BirthDate":"2000-12-04T00:00:00","ProjectEmployee":[],"Id":75,"RowVersion":1},"Projects":[{"$id":"4","Name":"sdsa","StartDate":"2022-05-12T00:00:00","FinishDate":null,"Status":"NEW","Members":[],"Customer":"dsad","ProjectNumber":1114,"IsChecked":false,"IsShowButton":true,"ProjectEmployees":[{"$id":"5","Project":{"$ref":"4"},"Employee":{"$id":"6","Visa":"NGUI","FirstName":"Nguyen","LastName":"Tien","BirthDate":"2000-10-06T00:00:00","ProjectEmployee":[{"$ref":"5"}],"Id":74,"RowVersion":1},"Id":422,"RowVersion":0},{"$id":"7","Project":{"$ref":"4"},"Employee":{"$id":"8","Visa":"NHLA","FirstName":"Nguyen","LastName":"Anh","BirthDate":"2002-12-05T00:00:00","ProjectEmployee":[{"$ref":"7"}],"Id":78,"RowVersion":1},"Id":423,"RowVersion":0}],"Group":{"$id":"9","Name":"HNCD","Employee":{"$id":"10","Visa":"TANP","FirstName":"Tang","LastName":"Phu","BirthDate":"2000-12-04T00:00:00","ProjectEmployee":[],"Id":75,"RowVersion":1},"Projects":[{"$ref":"4"}],"GroupNameId":"ID: 79 Name: HNCD","Id":79,"RowVersion":1},"Id":250,"RowVersion":2}],"GroupNameId":"ID: 79 Name: HNCD","Id":79,"RowVersion":1},"Id":0,"RowVersion":0}
2022-05-05 09:43:23,926 [12     ] DEBUG  Client                         | (null) | Request [GET] to url 'http://localhost:8081/api/project/GetAll'
2022-05-05 09:43:23,927 [12     ] DEBUG  {PIMToolClient                 | (null) | Request: Method: GET, RequestUri: 'http://localhost:8081/api/project/GetAll', Version: 1.1, Content: <null>, Headers:
{
  Accept: application/json
}
2022-05-05 09:43:23,946 [10     ] DEBUG  {PIMToolClient                 | (null) | Response: StatusCode: 200, ReasonPhrase: 'OK', Version: 1.1, Content: System.Net.Http.StreamContent, Headers:
{
  Pragma: no-cache
  Cache-Control: no-cache
  Date: Thu, 05 May 2022 02:43:23 GMT
  Server: Microsoft-IIS/10.0
  X-AspNet-Version: 4.0.30319
  X-Powered-By: ASP.NET
  Content-Length: 1343
  Content-Type: application/json; charset=utf-8
  Expires: -1
}
2022-05-05 09:43:23,947 [10     ] DEBUG  {PIMToolClient                 | (null) | Response-Content: [{"$id":"1","Name":"sdsa","StartDate":"2022-05-12T00:00:00","FinishDate":null,"Status":"NEW","Members":[],"Customer":"dsad","ProjectNumber":1114,"IsChecked":false,"IsShowButton":true,"ProjectEmployees":[{"$id":"2","Project":{"$ref":"1"},"Employee":{"$id":"3","Visa":"NGUI","FirstName":"Nguyen","LastName":"Tien","BirthDate":"2000-10-06T00:00:00","ProjectEmployee":[{"$ref":"2"}],"Id":74,"RowVersion":1},"Id":422,"RowVersion":0},{"$id":"4","Project":{"$ref":"1"},"Employee":{"$id":"5","Visa":"NHLA","FirstName":"Nguyen","LastName":"Anh","BirthDate":"2002-12-05T00:00:00","ProjectEmployee":[{"$ref":"4"}],"Id":78,"RowVersion":1},"Id":423,"RowVersion":0}],"Group":{"$id":"6","Name":"HNCD","Employee":{"$id":"7","Visa":"TANP","FirstName":"Tang","LastName":"Phu","BirthDate":"2000-12-04T00:00:00","ProjectEmployee":[],"Id":75,"RowVersion":1},"Projects":[{"$ref":"1"},{"$id":"8","Name":"dsad","StartDate":"2022-05-19T00:00:00","FinishDate":null,"Status":"NEW","Members":[],"Customer":"sadsad","ProjectNumber":123,"IsChecked":false,"IsShowButton":true,"ProjectEmployees":[],"Group":{"$id":"9","Name":"HNCD","Employee":{"$ref":"7"},"Projects":[{"$ref":"1"},{"$ref":"8"}],"GroupNameId":"ID: 79 Name: HNCD","Id":79,"RowVersion":1},"Id":258,"RowVersion":1}],"GroupNameId":"ID: 79 Name: HNCD","Id":79,"RowVersion":1},"Id":250,"RowVersion":2},{"$ref":"8"}]
2022-05-05 09:43:30,132 [3      ] DEBUG  Client                         | (null) | Request [POST] to url 'http://localhost:8081/api/project/DeleteMultiProjects/{0}' with data 'System.Collections.Generic.List`1[PIMTool.Common.BusinessObjects.Project]'
2022-05-05 09:43:30,132 [3      ] DEBUG  {PIMToolClient                 | (null) | Request: Method: POST, RequestUri: 'http://localhost:8081/api/project/DeleteMultiProjects/{0}', Version: 1.1, Content: System.Net.Http.StringContent, Headers:
{
  Accept: application/json
  Content-Type: application/json; charset=utf-8
}
2022-05-05 09:43:30,133 [3      ] DEBUG  {PIMToolClient                 | (null) | Request-Content: [{"$id":"1","$type":"PIMTool.Common.BusinessObjects.Project, PIMTool.Common","Name":"sdsa","StartDate":"2022-05-12T00:00:00","FinishDate":null,"Status":"NEW","Members":[],"Customer":"dsad","ProjectNumber":1114,"IsChecked":true,"IsShowButton":true,"ProjectEmployees":[{"$id":"2","$type":"PIMTool.Common.BusinessObjects.ProjectEmployee, PIMTool.Common","Project":{"$ref":"1"},"Employee":{"$id":"3","$type":"PIMTool.Common.BusinessObjects.Employee, PIMTool.Common","Visa":"NGUI","FirstName":"Nguyen","LastName":"Tien","BirthDate":"2000-10-06T00:00:00","ProjectEmployee":[{"$ref":"2"}],"Id":74,"RowVersion":1},"Id":422,"RowVersion":0},{"$id":"4","$type":"PIMTool.Common.BusinessObjects.ProjectEmployee, PIMTool.Common","Project":{"$ref":"1"},"Employee":{"$id":"5","$type":"PIMTool.Common.BusinessObjects.Employee, PIMTool.Common","Visa":"NHLA","FirstName":"Nguyen","LastName":"Anh","BirthDate":"2002-12-05T00:00:00","ProjectEmployee":[{"$ref":"4"}],"Id":78,"RowVersion":1},"Id":423,"RowVersion":0}],"Group":{"$id":"6","$type":"PIMTool.Common.BusinessObjects.Group, PIMTool.Common","Name":"HNCD","Employee":{"$id":"7","$type":"PIMTool.Common.BusinessObjects.Employee, PIMTool.Common","Visa":"TANP","FirstName":"Tang","LastName":"Phu","BirthDate":"2000-12-04T00:00:00","ProjectEmployee":[],"Id":75,"RowVersion":1},"Projects":[{"$ref":"1"},{"$id":"8","$type":"PIMTool.Common.BusinessObjects.Project, PIMTool.Common","Name":"dsad","StartDate":"2022-05-19T00:00:00","FinishDate":null,"Status":"NEW","Members":[],"Customer":"sadsad","ProjectNumber":123,"IsChecked":true,"IsShowButton":true,"ProjectEmployees":[],"Group":{"$id":"9","$type":"PIMTool.Common.BusinessObjects.Group, PIMTool.Common","Name":"HNCD","Employee":{"$ref":"7"},"Projects":[{"$ref":"1"},{"$ref":"8"}],"GroupNameId":"ID: 79 Name: HNCD","Id":79,"RowVersion":1},"Id":258,"RowVersion":1}],"GroupNameId":"ID: 79 Name: HNCD","Id":79,"RowVersion":1},"Id":250,"RowVersion":2},{"$ref":"8"}]
2022-05-05 09:43:30,208 [10     ] DEBUG  {PIMToolClient                 | (null) | Response: StatusCode: 200, ReasonPhrase: 'OK', Version: 1.1, Content: System.Net.Http.StreamContent, Headers:
{
  Pragma: no-cache
  Cache-Control: no-cache
  Date: Thu, 05 May 2022 02:43:30 GMT
  Server: Microsoft-IIS/10.0
  X-AspNet-Version: 4.0.30319
  X-Powered-By: ASP.NET
  Content-Length: 0
  Expires: -1
}
2022-05-05 09:43:30,208 [10     ] DEBUG  {PIMToolClient                 | (null) | Response-Content: 
2022-05-05 09:43:30,211 [8      ] DEBUG  Client                         | (null) | Request [GET] to url 'http://localhost:8081/api/project/GetAll'
2022-05-05 09:43:30,212 [8      ] DEBUG  {PIMToolClient                 | (null) | Request: Method: GET, RequestUri: 'http://localhost:8081/api/project/GetAll', Version: 1.1, Content: <null>, Headers:
{
  Accept: application/json
}
2022-05-05 09:43:30,216 [11     ] DEBUG  {PIMToolClient                 | (null) | Response: StatusCode: 200, ReasonPhrase: 'OK', Version: 1.1, Content: System.Net.Http.StreamContent, Headers:
{
  Pragma: no-cache
  Cache-Control: no-cache
  Date: Thu, 05 May 2022 02:43:30 GMT
  Server: Microsoft-IIS/10.0
  X-AspNet-Version: 4.0.30319
  X-Powered-By: ASP.NET
  Content-Length: 2
  Content-Type: application/json; charset=utf-8
  Expires: -1
}
2022-05-05 09:43:30,217 [11     ] DEBUG  {PIMToolClient                 | (null) | Response-Content: []
2022-05-05 09:43:41,280 [3      ] DEBUG  Client                         | (null) | Request [GET] to url 'http://localhost:8081/api/project/GetAll'
2022-05-05 09:43:41,281 [3      ] DEBUG  {PIMToolClient                 | (null) | Request: Method: GET, RequestUri: 'http://localhost:8081/api/project/GetAll', Version: 1.1, Content: <null>, Headers:
{
  Accept: application/json
}
2022-05-05 09:43:41,285 [10     ] DEBUG  {PIMToolClient                 | (null) | Response: StatusCode: 200, ReasonPhrase: 'OK', Version: 1.1, Content: System.Net.Http.StreamContent, Headers:
{
  Pragma: no-cache
  Cache-Control: no-cache
  Date: Thu, 05 May 2022 02:43:41 GMT
  Server: Microsoft-IIS/10.0
  X-AspNet-Version: 4.0.30319
  X-Powered-By: ASP.NET
  Content-Length: 2
  Content-Type: application/json; charset=utf-8
  Expires: -1
}
2022-05-05 09:43:41,286 [10     ] DEBUG  {PIMToolClient                 | (null) | Response-Content: []
2022-05-05 09:43:41,491 [12     ] DEBUG  Client                         | (null) | Request [GET] to url 'http://localhost:8081/api/project/GetAll'
2022-05-05 09:43:41,492 [12     ] DEBUG  {PIMToolClient                 | (null) | Request: Method: GET, RequestUri: 'http://localhost:8081/api/project/GetAll', Version: 1.1, Content: <null>, Headers:
{
  Accept: application/json
}
2022-05-05 09:43:41,496 [10     ] DEBUG  {PIMToolClient                 | (null) | Response: StatusCode: 200, ReasonPhrase: 'OK', Version: 1.1, Content: System.Net.Http.StreamContent, Headers:
{
  Pragma: no-cache
  Cache-Control: no-cache
  Date: Thu, 05 May 2022 02:43:41 GMT
  Server: Microsoft-IIS/10.0
  X-AspNet-Version: 4.0.30319
  X-Powered-By: ASP.NET
  Content-Length: 2
  Content-Type: application/json; charset=utf-8
  Expires: -1
}
2022-05-05 09:43:41,497 [10     ] DEBUG  {PIMToolClient                 | (null) | Response-Content: []
2022-05-05 09:43:41,638 [3      ] DEBUG  Client                         | (null) | Request [GET] to url 'http://localhost:8081/api/project/GetAll'
2022-05-05 09:43:41,639 [3      ] DEBUG  {PIMToolClient                 | (null) | Request: Method: GET, RequestUri: 'http://localhost:8081/api/project/GetAll', Version: 1.1, Content: <null>, Headers:
{
  Accept: application/json
}
2022-05-05 09:43:41,642 [10     ] DEBUG  {PIMToolClient                 | (null) | Response: StatusCode: 200, ReasonPhrase: 'OK', Version: 1.1, Content: System.Net.Http.StreamContent, Headers:
{
  Pragma: no-cache
  Cache-Control: no-cache
  Date: Thu, 05 May 2022 02:43:41 GMT
  Server: Microsoft-IIS/10.0
  X-AspNet-Version: 4.0.30319
  X-Powered-By: ASP.NET
  Content-Length: 2
  Content-Type: application/json; charset=utf-8
  Expires: -1
}
2022-05-05 09:43:41,642 [10     ] DEBUG  {PIMToolClient                 | (null) | Response-Content: []
2022-05-05 09:43:42,563 [12     ] DEBUG  Client                         | (null) | Request [GET] to url 'http://localhost:8081/api/project/GetAll'
2022-05-05 09:43:42,564 [12     ] DEBUG  {PIMToolClient                 | (null) | Request: Method: GET, RequestUri: 'http://localhost:8081/api/project/GetAll', Version: 1.1, Content: <null>, Headers:
{
  Accept: application/json
}
2022-05-05 09:43:42,567 [9      ] DEBUG  {PIMToolClient                 | (null) | Response: StatusCode: 200, ReasonPhrase: 'OK', Version: 1.1, Content: System.Net.Http.StreamContent, Headers:
{
  Pragma: no-cache
  Cache-Control: no-cache
  Date: Thu, 05 May 2022 02:43:42 GMT
  Server: Microsoft-IIS/10.0
  X-AspNet-Version: 4.0.30319
  X-Powered-By: ASP.NET
  Content-Length: 2
  Content-Type: application/json; charset=utf-8
  Expires: -1
}
2022-05-05 09:43:42,567 [9      ] DEBUG  {PIMToolClient                 | (null) | Response-Content: []
2022-05-05 09:43:42,733 [3      ] DEBUG  Client                         | (null) | Request [GET] to url 'http://localhost:8081/api/project/GetAll'
2022-05-05 09:43:42,734 [3      ] DEBUG  {PIMToolClient                 | (null) | Request: Method: GET, RequestUri: 'http://localhost:8081/api/project/GetAll', Version: 1.1, Content: <null>, Headers:
{
  Accept: application/json
}
2022-05-05 09:43:42,737 [10     ] DEBUG  {PIMToolClient                 | (null) | Response: StatusCode: 200, ReasonPhrase: 'OK', Version: 1.1, Content: System.Net.Http.StreamContent, Headers:
{
  Pragma: no-cache
  Cache-Control: no-cache
  Date: Thu, 05 May 2022 02:43:42 GMT
  Server: Microsoft-IIS/10.0
  X-AspNet-Version: 4.0.30319
  X-Powered-By: ASP.NET
  Content-Length: 2
  Content-Type: application/json; charset=utf-8
  Expires: -1
}
2022-05-05 09:43:42,737 [10     ] DEBUG  {PIMToolClient                 | (null) | Response-Content: []
2022-05-05 09:43:42,913 [4      ] DEBUG  Client                         | (null) | Request [GET] to url 'http://localhost:8081/api/project/GetAll'
2022-05-05 09:43:42,914 [4      ] DEBUG  {PIMToolClient                 | (null) | Request: Method: GET, RequestUri: 'http://localhost:8081/api/project/GetAll', Version: 1.1, Content: <null>, Headers:
{
  Accept: application/json
}
2022-05-05 09:43:42,917 [9      ] DEBUG  {PIMToolClient                 | (null) | Response: StatusCode: 200, ReasonPhrase: 'OK', Version: 1.1, Content: System.Net.Http.StreamContent, Headers:
{
  Pragma: no-cache
  Cache-Control: no-cache
  Date: Thu, 05 May 2022 02:43:42 GMT
  Server: Microsoft-IIS/10.0
  X-AspNet-Version: 4.0.30319
  X-Powered-By: ASP.NET
  Content-Length: 2
  Content-Type: application/json; charset=utf-8
  Expires: -1
}
2022-05-05 09:43:42,918 [9      ] DEBUG  {PIMToolClient                 | (null) | Response-Content: []
2022-05-05 09:43:44,504 [3      ] DEBUG  Client                         | (null) | Request [GET] to url 'http://localhost:8081/api/project/GetAll'
2022-05-05 09:43:44,505 [3      ] DEBUG  {PIMToolClient                 | (null) | Request: Method: GET, RequestUri: 'http://localhost:8081/api/project/GetAll', Version: 1.1, Content: <null>, Headers:
{
  Accept: application/json
}
2022-05-05 09:43:44,508 [11     ] DEBUG  {PIMToolClient                 | (null) | Response: StatusCode: 200, ReasonPhrase: 'OK', Version: 1.1, Content: System.Net.Http.StreamContent, Headers:
{
  Pragma: no-cache
  Cache-Control: no-cache
  Date: Thu, 05 May 2022 02:43:44 GMT
  Server: Microsoft-IIS/10.0
  X-AspNet-Version: 4.0.30319
  X-Powered-By: ASP.NET
  Content-Length: 2
  Content-Type: application/json; charset=utf-8
  Expires: -1
}
2022-05-05 09:43:44,509 [11     ] DEBUG  {PIMToolClient                 | (null) | Response-Content: []
2022-05-05 09:43:45,909 [4      ] DEBUG  Client                         | (null) | Request [GET] to url 'http://localhost:8081/api/group/GetAll'
2022-05-05 09:43:45,910 [4      ] DEBUG  {PIMToolClient                 | (null) | Request: Method: GET, RequestUri: 'http://localhost:8081/api/group/GetAll', Version: 1.1, Content: <null>, Headers:
{
  Accept: application/json
}
2022-05-05 09:43:45,918 [10     ] DEBUG  {PIMToolClient                 | (null) | Response: StatusCode: 200, ReasonPhrase: 'OK', Version: 1.1, Content: System.Net.Http.StreamContent, Headers:
{
  Pragma: no-cache
  Cache-Control: no-cache
  Date: Thu, 05 May 2022 02:43:45 GMT
  Server: Microsoft-IIS/10.0
  X-AspNet-Version: 4.0.30319
  X-Powered-By: ASP.NET
  Content-Length: 1002
  Content-Type: application/json; charset=utf-8
  Expires: -1
}
2022-05-05 09:43:45,919 [10     ] DEBUG  {PIMToolClient                 | (null) | Response-Content: [{"$id":"1","Name":"KSTA","Employee":{"$id":"2","Visa":"NGUI","FirstName":"Nguyen","LastName":"Tien","BirthDate":"2000-10-06T00:00:00","ProjectEmployee":[],"Id":74,"RowVersion":1},"Projects":[],"GroupNameId":"ID: 77 Name: KSTA","Id":77,"RowVersion":1},{"$id":"3","Name":"HNCD","Employee":{"$id":"4","Visa":"TANP","FirstName":"Tang","LastName":"Phu","BirthDate":"2000-12-04T00:00:00","ProjectEmployee":[],"Id":75,"RowVersion":1},"Projects":[],"GroupNameId":"ID: 79 Name: HNCD","Id":79,"RowVersion":1},{"$id":"5","Name":"KCSN","Employee":{"$id":"6","Visa":"NHLA","FirstName":"Nguyen","LastName":"Anh","BirthDate":"2002-12-05T00:00:00","ProjectEmployee":[],"Id":78,"RowVersion":1},"Projects":[],"GroupNameId":"ID: 80 Name: KCSN","Id":80,"RowVersion":1},{"$id":"7","Name":"KOAZ","Employee":{"$id":"8","Visa":"NHTH","FirstName":"Nguyen","LastName":"Thang","BirthDate":"2000-05-11T00:00:00","ProjectEmployee":[],"Id":79,"RowVersion":1},"Projects":[],"GroupNameId":"ID: 81 Name: KOAZ","Id":81,"RowVersion":1}]
2022-05-05 09:43:45,920 [3      ] DEBUG  Client                         | (null) | Request [GET] to url 'http://localhost:8081/api/project/GetAll'
2022-05-05 09:43:45,921 [3      ] DEBUG  {PIMToolClient                 | (null) | Request: Method: GET, RequestUri: 'http://localhost:8081/api/project/GetAll', Version: 1.1, Content: <null>, Headers:
{
  Accept: application/json
}
2022-05-05 09:43:45,924 [11     ] DEBUG  {PIMToolClient                 | (null) | Response: StatusCode: 200, ReasonPhrase: 'OK', Version: 1.1, Content: System.Net.Http.StreamContent, Headers:
{
  Pragma: no-cache
  Cache-Control: no-cache
  Date: Thu, 05 May 2022 02:43:45 GMT
  Server: Microsoft-IIS/10.0
  X-AspNet-Version: 4.0.30319
  X-Powered-By: ASP.NET
  Content-Length: 2
  Content-Type: application/json; charset=utf-8
  Expires: -1
}
2022-05-05 09:43:45,925 [11     ] DEBUG  {PIMToolClient                 | (null) | Response-Content: []
2022-05-05 09:43:45,926 [4      ] DEBUG  Client                         | (null) | Request [GET] to url 'http://localhost:8081/api/employee/GetAll'
2022-05-05 09:43:45,926 [4      ] DEBUG  {PIMToolClient                 | (null) | Request: Method: GET, RequestUri: 'http://localhost:8081/api/employee/GetAll', Version: 1.1, Content: <null>, Headers:
{
  Accept: application/json
}
2022-05-05 09:43:45,933 [10     ] DEBUG  {PIMToolClient                 | (null) | Response: StatusCode: 200, ReasonPhrase: 'OK', Version: 1.1, Content: System.Net.Http.StreamContent, Headers:
{
  Pragma: no-cache
  Cache-Control: no-cache
  Date: Thu, 05 May 2022 02:43:45 GMT
  Server: Microsoft-IIS/10.0
  X-AspNet-Version: 4.0.30319
  X-Powered-By: ASP.NET
  Content-Length: 570
  Content-Type: application/json; charset=utf-8
  Expires: -1
}
2022-05-05 09:43:45,933 [10     ] DEBUG  {PIMToolClient                 | (null) | Response-Content: [{"$id":"1","Visa":"NGUI","FirstName":"Nguyen","LastName":"Tien","BirthDate":"2000-10-06T00:00:00","ProjectEmployee":[],"Id":74,"RowVersion":1},{"$id":"2","Visa":"TANP","FirstName":"Tang","LastName":"Phu","BirthDate":"2000-12-04T00:00:00","ProjectEmployee":[],"Id":75,"RowVersion":1},{"$id":"3","Visa":"NHLA","FirstName":"Nguyen","LastName":"Anh","BirthDate":"2002-12-05T00:00:00","ProjectEmployee":[],"Id":78,"RowVersion":1},{"$id":"4","Visa":"NHTH","FirstName":"Nguyen","LastName":"Thang","BirthDate":"2000-05-11T00:00:00","ProjectEmployee":[],"Id":79,"RowVersion":1}]
